
**** Build of configuration Debug for project Project03 cc ****

/Applications/ti/ccs1280/ccs/utils/bin/gmake -k -j 9 all -O 
 
Building file: "../init.c"
Invoking: MSP430 Compiler
"/Applications/ti/ccs1280/ccs/tools/compiler/ti-cgt-msp430_21.6.1.LTS/bin/cl430" -vmspx --use_hw_mpy=F5 --include_path="/Applications/ti/ccs1280/ccs/ccs_base/msp430/include" --include_path="/Users/kaylaradu/GitHubRepos/ECE306/Project05/Project03 cc" --include_path="/Applications/ti/ccs1280/ccs/tools/compiler/ti-cgt-msp430_21.6.1.LTS/include" --advice:power=all --advice:hw_config=all --define=__MSP430FR2355__ --define=_FRWP_ENABLE --define=_INFO_FRWP_ENABLE -g --printf_support=minimal --diag_warning=225 --diag_wrap=off --display_error_number --silicon_errata=CPU21 --silicon_errata=CPU22 --silicon_errata=CPU40 --preproc_with_compile --preproc_dependency="init.d_raw"  "../init.c"
"../macros.h", line 35: warning #1921-D: white space is required between the macro name "TIMER_B0_1" and its replacement text
"../init.c", line 33: remark #1544-D: (ULP 13.1) Detected loop counting up. Recommend loops count down as detecting zeros is easier
"../init.c", line 34: remark #2553-D: (ULP 14.1) Array index (involving "i") of type "int". Recommend using "unsigned int"
"../init.c", line 35: remark #2553-D: (ULP 14.1) Array index (involving "i") of type "int". Recommend using "unsigned int"
"../init.c", line 36: remark #2553-D: (ULP 14.1) Array index (involving "i") of type "int". Recommend using "unsigned int"
"../init.c", line 37: remark #2553-D: (ULP 14.1) Array index (involving "i") of type "int". Recommend using "unsigned int"
"../macros.h", line 35: warning #1921-D: white space is required between the macro name "TIMER_B0_1" and its replacement text
"../clocks.c", line 88: remark #1527-D: (ULP 2.1) Detected SW delay loop using __delay_cycles. Recommend using a timer module instead
"../clocks.c", line 89: remark #1527-D: (ULP 2.1) Detected SW delay loop using empty loop. Recommend using a timer module instead
"../clocks.c", line 122: remark #1527-D: (ULP 2.1) Detected SW delay loop using empty loop. Recommend using a timer module instead
"../macros.h", line 35: warning #1921-D: white space is required between the macro name "TIMER_B0_1" and its replacement text
Finished building: "../init.c"
 
Building file: "../clocks.c"
Invoking: MSP430 Compiler
"/Applications/ti/ccs1280/ccs/tools/compiler/ti-cgt-msp430_21.6.1.LTS/bin/cl430" -vmspx --use_hw_mpy=F5 --include_path="/Applications/ti/ccs1280/ccs/ccs_base/msp430/include" --include_path="/Users/kaylaradu/GitHubRepos/ECE306/Project05/Project03 cc" --include_path="/Applications/ti/ccs1280/ccs/tools/compiler/ti-cgt-msp430_21.6.1.LTS/include" --advice:power=all --advice:hw_config=all --define=__MSP430FR2355__ --define=_FRWP_ENABLE --define=_INFO_FRWP_ENABLE -g --printf_support=minimal --diag_warning=225 --diag_wrap=off --display_error_number --silicon_errata=CPU21 --silicon_errata=CPU22 --silicon_errata=CPU40 --preproc_with_compile --preproc_dependency="clocks.d_raw"  "../clocks.c"
Finished building: "../clocks.c"
 
Building file: "../led.c"
Invoking: MSP430 Compiler
"/Applications/ti/ccs1280/ccs/tools/compiler/ti-cgt-msp430_21.6.1.LTS/bin/cl430" -vmspx --use_hw_mpy=F5 --include_path="/Applications/ti/ccs1280/ccs/ccs_base/msp430/include" --include_path="/Users/kaylaradu/GitHubRepos/ECE306/Project05/Project03 cc" --include_path="/Applications/ti/ccs1280/ccs/tools/compiler/ti-cgt-msp430_21.6.1.LTS/include" --advice:power=all --advice:hw_config=all --define=__MSP430FR2355__ --define=_FRWP_ENABLE --define=_INFO_FRWP_ENABLE -g --printf_support=minimal --diag_warning=225 --diag_wrap=off --display_error_number --silicon_errata=CPU21 --silicon_errata=CPU22 --silicon_errata=CPU40 --preproc_with_compile --preproc_dependency="led.d_raw"  "../led.c"
Finished building: "../led.c"
 
Building file: "../Display.c"
Invoking: MSP430 Compiler
"/Applications/ti/ccs1280/ccs/tools/compiler/ti-cgt-msp430_21.6.1.LTS/bin/cl430" -vmspx --use_hw_mpy=F5 --include_path="/Applications/ti/ccs1280/ccs/ccs_base/msp430/include" --include_path="/Users/kaylaradu/GitHubRepos/ECE306/Project05/Project03 cc" --include_path="/Applications/ti/ccs1280/ccs/tools/compiler/ti-cgt-msp430_21.6.1.LTS/include" --advice:power=all --advice:hw_config=all --define=__MSP430FR2355__ --define=_FRWP_ENABLE --define=_INFO_FRWP_ENABLE -g --printf_support=minimal --diag_warning=225 --diag_wrap=off --display_error_number --silicon_errata=CPU21 --silicon_errata=CPU22 --silicon_errata=CPU40 --preproc_with_compile --preproc_dependency="Display.d_raw"  "../Display.c"
"../macros.h", line 35: warning #1921-D: white space is required between the macro name "TIMER_B0_1" and its replacement text
Finished building: "../Display.c"
 
Building file: "../system.c"
Invoking: MSP430 Compiler
"/Applications/ti/ccs1280/ccs/tools/compiler/ti-cgt-msp430_21.6.1.LTS/bin/cl430" -vmspx --use_hw_mpy=F5 --include_path="/Applications/ti/ccs1280/ccs/ccs_base/msp430/include" --include_path="/Users/kaylaradu/GitHubRepos/ECE306/Project05/Project03 cc" --include_path="/Applications/ti/ccs1280/ccs/tools/compiler/ti-cgt-msp430_21.6.1.LTS/include" --advice:power=all --advice:hw_config=all --define=__MSP430FR2355__ --define=_FRWP_ENABLE --define=_INFO_FRWP_ENABLE -g --printf_support=minimal --diag_warning=225 --diag_wrap=off --display_error_number --silicon_errata=CPU21 --silicon_errata=CPU22 --silicon_errata=CPU40 --preproc_with_compile --preproc_dependency="system.d_raw"  "../system.c"
"../macros.h", line 35: warning #1921-D: white space is required between the macro name "TIMER_B0_1" and its replacement text
Finished building: "../system.c"
 
Building file: "../main.c"
Invoking: MSP430 Compiler
"/Applications/ti/ccs1280/ccs/tools/compiler/ti-cgt-msp430_21.6.1.LTS/bin/cl430" -vmspx --use_hw_mpy=F5 --include_path="/Applications/ti/ccs1280/ccs/ccs_base/msp430/include" --include_path="/Users/kaylaradu/GitHubRepos/ECE306/Project05/Project03 cc" --include_path="/Applications/ti/ccs1280/ccs/tools/compiler/ti-cgt-msp430_21.6.1.LTS/include" --advice:power=all --advice:hw_config=all --define=__MSP430FR2355__ --define=_FRWP_ENABLE --define=_INFO_FRWP_ENABLE -g --printf_support=minimal --diag_warning=225 --diag_wrap=off --display_error_number --silicon_errata=CPU21 --silicon_errata=CPU22 --silicon_errata=CPU40 --preproc_with_compile --preproc_dependency="main.d_raw"  "../main.c"
"../macros.h", line 35: warning #1921-D: white space is required between the macro name "TIMER_B0_1" and its replacement text
"../main.c", line 116: warning #225-D: function "motorDirec" declared implicitly
"../main.c", line 117: warning #225-D: function "Debounce_State" declared implicitly
"../main.c", line 45: remark #1535-D: (ULP 8.1) variable "wheel_move" is used as a constant. Recommend declaring variable as either 'static const' or 'const'
"../main.c", line 46: remark #1535-D: (ULP 8.1) variable "forward" is used as a constant. Recommend declaring variable as either 'static const' or 'const'
Finished building: "../main.c"
 
Building file: "../timersB0.c"
Invoking: MSP430 Compiler
"/Applications/ti/ccs1280/ccs/tools/compiler/ti-cgt-msp430_21.6.1.LTS/bin/cl430" -vmspx --use_hw_mpy=F5 --include_path="/Applications/ti/ccs1280/ccs/ccs_base/msp430/include" --include_path="/Users/kaylaradu/GitHubRepos/ECE306/Project05/Project03 cc" --include_path="/Applications/ti/ccs1280/ccs/tools/compiler/ti-cgt-msp430_21.6.1.LTS/include" --advice:power=all --advice:hw_config=all --define=__MSP430FR2355__ --define=_FRWP_ENABLE --define=_INFO_FRWP_ENABLE -g --printf_support=minimal --diag_warning=225 --diag_wrap=off --display_error_number --silicon_errata=CPU21 --silicon_errata=CPU22 --silicon_errata=CPU40 --preproc_with_compile --preproc_dependency="timersB0.d_raw"  "../timersB0.c"
"../macros.h", line 35: warning #1921-D: white space is required between the macro name "TIMER_B0_1" and its replacement text
Finished building: "../timersB0.c"
 
Building file: "../switches.c"
Invoking: MSP430 Compiler
"/Applications/ti/ccs1280/ccs/tools/compiler/ti-cgt-msp430_21.6.1.LTS/bin/cl430" -vmspx --use_hw_mpy=F5 --include_path="/Applications/ti/ccs1280/ccs/ccs_base/msp430/include" --include_path="/Users/kaylaradu/GitHubRepos/ECE306/Project05/Project03 cc" --include_path="/Applications/ti/ccs1280/ccs/tools/compiler/ti-cgt-msp430_21.6.1.LTS/include" --advice:power=all --advice:hw_config=all --define=__MSP430FR2355__ --define=_FRWP_ENABLE --define=_INFO_FRWP_ENABLE -g --printf_support=minimal --diag_warning=225 --diag_wrap=off --display_error_number --silicon_errata=CPU21 --silicon_errata=CPU22 --silicon_errata=CPU40 --preproc_with_compile --preproc_dependency="switches.d_raw"  "../switches.c"
"../macros.h", line 35: warning #1921-D: white space is required between the macro name "TIMER_B0_1" and its replacement text
"../switches.c", line 85: remark #1538-D: (ULP 10.1) ISR switchP4_interrupt calls function disable_switches. Recommend moving function call away from ISR, or inlining the function, or using pragmas
"../switches.c", line 86: remark #1538-D: (ULP 10.1) ISR switchP4_interrupt calls function strcpy. Recommend moving function call away from ISR, or inlining the function, or using pragmas
"../switches.c", line 87: remark #1538-D: (ULP 10.1) ISR switchP4_interrupt calls function strcpy. Recommend moving function call away from ISR, or inlining the function, or using pragmas
"../switches.c", line 88: remark #1538-D: (ULP 10.1) ISR switchP4_interrupt calls function strcpy. Recommend moving function call away from ISR, or inlining the function, or using pragmas
"../switches.c", line 89: remark #1538-D: (ULP 10.1) ISR switchP4_interrupt calls function strcpy. Recommend moving function call away from ISR, or inlining the function, or using pragmas
"../switches.c", line 104: remark #1538-D: (ULP 10.1) ISR switchP2_interrupt calls function disable_switches. Recommend moving function call away from ISR, or inlining the function, or using pragmas
"../switches.c", line 105: remark #1538-D: (ULP 10.1) ISR switchP2_interrupt calls function strcpy. Recommend moving function call away from ISR, or inlining the function, or using pragmas
"../switches.c", line 106: remark #1538-D: (ULP 10.1) ISR switchP2_interrupt calls function strcpy. Recommend moving function call away from ISR, or inlining the function, or using pragmas
"../switches.c", line 107: remark #1538-D: (ULP 10.1) ISR switchP2_interrupt calls function strcpy. Recommend moving function call away from ISR, or inlining the function, or using pragmas
"../switches.c", line 108: remark #1538-D: (ULP 10.1) ISR switchP2_interrupt calls function strcpy. Recommend moving function call away from ISR, or inlining the function, or using pragmas
Finished building: "../switches.c"
 
Building file: "../ports.c"
Invoking: MSP430 Compiler
"/Applications/ti/ccs1280/ccs/tools/compiler/ti-cgt-msp430_21.6.1.LTS/bin/cl430" -vmspx --use_hw_mpy=F5 --include_path="/Applications/ti/ccs1280/ccs/ccs_base/msp430/include" --include_path="/Users/kaylaradu/GitHubRepos/ECE306/Project05/Project03 cc" --include_path="/Applications/ti/ccs1280/ccs/tools/compiler/ti-cgt-msp430_21.6.1.LTS/include" --advice:power=all --advice:hw_config=all --define=__MSP430FR2355__ --define=_FRWP_ENABLE --define=_INFO_FRWP_ENABLE -g --printf_support=minimal --diag_warning=225 --diag_wrap=off --display_error_number --silicon_errata=CPU21 --silicon_errata=CPU22 --silicon_errata=CPU40 --preproc_with_compile --preproc_dependency="ports.d_raw"  "../ports.c"
"../macros.h", line 35: warning #1921-D: white space is required between the macro name "TIMER_B0_1" and its replacement text
Finished building: "../ports.c"
 
Building file: "../wheels.c"
Invoking: MSP430 Compiler
"/Applications/ti/ccs1280/ccs/tools/compiler/ti-cgt-msp430_21.6.1.LTS/bin/cl430" -vmspx --use_hw_mpy=F5 --include_path="/Applications/ti/ccs1280/ccs/ccs_base/msp430/include" --include_path="/Users/kaylaradu/GitHubRepos/ECE306/Project05/Project03 cc" --include_path="/Applications/ti/ccs1280/ccs/tools/compiler/ti-cgt-msp430_21.6.1.LTS/include" --advice:power=all --advice:hw_config=all --define=__MSP430FR2355__ --define=_FRWP_ENABLE --define=_INFO_FRWP_ENABLE -g --printf_support=minimal --diag_warning=225 --diag_wrap=off --display_error_number --silicon_errata=CPU21 --silicon_errata=CPU22 --silicon_errata=CPU40 --preproc_with_compile --preproc_dependency="wheels.d_raw"  "../wheels.c"
"../macros.h", line 35: warning #1921-D: white space is required between the macro name "TIMER_B0_1" and its replacement text
Finished building: "../wheels.c"
 
Building target: "Project03 cc.out"
Invoking: MSP430 Linker
"/Applications/ti/ccs1280/ccs/tools/compiler/ti-cgt-msp430_21.6.1.LTS/bin/cl430" -vmspx --use_hw_mpy=F5 --advice:power=all --advice:hw_config=all --define=__MSP430FR2355__ --define=_FRWP_ENABLE --define=_INFO_FRWP_ENABLE -g --printf_support=minimal --diag_warning=225 --diag_wrap=off --display_error_number --silicon_errata=CPU21 --silicon_errata=CPU22 --silicon_errata=CPU40 -z -m"Project03 cc.map" --heap_size=160 --stack_size=160 --cinit_hold_wdt=on -i"/Applications/ti/ccs1280/ccs/ccs_base/msp430/include" -i"/Applications/ti/ccs1280/ccs/ccs_base/msp430/lib/FR2xx" -i"/Applications/ti/ccs1280/ccs/tools/compiler/ti-cgt-msp430_21.6.1.LTS/lib" -i"/Applications/ti/ccs1280/ccs/tools/compiler/ti-cgt-msp430_21.6.1.LTS/include" --priority --reread_libs --define=_FRWP_ENABLE --define=_INFO_FRWP_ENABLE --diag_wrap=off --display_error_number --warn_sections --xml_link_info="Project03 cc_linkInfo.xml" --use_hw_mpy=F5 --rom_model -o "Project03 cc.out" "./Display.obj" "./clocks.obj" "./init.obj" "./led.obj" "./main.obj" "./ports.obj" "./switches.obj" "./system.obj" "./timersB0.obj" "./wheels.obj" "../Compiled/LCD.obj" "../lnk_msp430fr2355.cmd"  -lfrwp_init.a -llibc.a 
<Linking>
remark #10372-D: (ULP 4.1) Detected uninitialized Port A in this project. Recommend initializing all unused ports to eliminate wasted current consumption on unused pins.
remark #10372-D: (ULP 4.1) Detected uninitialized Port B in this project. Recommend initializing all unused ports to eliminate wasted current consumption on unused pins.
remark #10372-D: (ULP 4.1) Detected uninitialized Port C in this project. Recommend initializing all unused ports to eliminate wasted current consumption on unused pins.
remark #10422-D: (ULP 6.2) Detected use of a device with available 32-bit hardware multiplier and not also using MSPMATHLIB library (libmath.a).  Recommend using MSPMATHLIB library (libmath.a) for improved performance.
Finished building target: "Project03 cc.out"
 

**** Build Finished ****
