
**** Build of configuration Debug for project Project02 cc ****

/Applications/ti/ccs1280/ccs/utils/bin/gmake -k -j 9 all -O 
 
Building target: "Project02 cc.out"
Invoking: MSP430 Linker
"/Applications/ti/ccs1280/ccs/tools/compiler/ti-cgt-msp430_21.6.1.LTS/bin/cl430" -vmspx --use_hw_mpy=F5 --advice:power=all --advice:hw_config=all --define=__MSP430FR2355__ --define=_FRWP_ENABLE --define=_INFO_FRWP_ENABLE -g --printf_support=minimal --diag_warning=225 --diag_wrap=off --display_error_number --silicon_errata=CPU21 --silicon_errata=CPU22 --silicon_errata=CPU40 -z -m"Project02 cc.map" --heap_size=160 --stack_size=160 --cinit_hold_wdt=on -i"/Applications/ti/ccs1280/ccs/ccs_base/msp430/include" -i"/Applications/ti/ccs1280/ccs/ccs_base/msp430/lib/FR2xx" -i"/Applications/ti/ccs1280/ccs/tools/compiler/ti-cgt-msp430_21.6.1.LTS/lib" -i"/Applications/ti/ccs1280/ccs/tools/compiler/ti-cgt-msp430_21.6.1.LTS/include" --priority --reread_libs --define=_FRWP_ENABLE --define=_INFO_FRWP_ENABLE --diag_wrap=off --display_error_number --warn_sections --xml_link_info="Project02 cc_linkInfo.xml" --use_hw_mpy=F5 --rom_model -o "Project02 cc.out" "./Display.obj" "./clocks.obj" "./init.obj" "./led.obj" "./main.obj" "./ports.obj" "./system.obj" "../Compiled/LCD.obj" "../Compiled/switches.obj" "../Compiled/timersB0.obj" "../lnk_msp430fr2355.cmd"  -lfrwp_init.a -llibc.a 
<Linking>
error #10056: symbol "enable_interrupts" redefined: first defined in "./clocks.obj"; redefined in "./system.obj"
remark #10372-D: (ULP 4.1) Detected uninitialized Port A in this project. Recommend initializing all unused ports to eliminate wasted current consumption on unused pins.
 
remark #10372-D: (ULP 4.1) Detected uninitialized Port B in this project. Recommend initializing all unused ports to eliminate wasted current consumption on unused pins.
remark #10372-D: (ULP 4.1) Detected uninitialized Port C in this project. Recommend initializing all unused ports to eliminate wasted current consumption on unused pins.
remark #10422-D: (ULP 6.2) Detected use of a device with available 32-bit hardware multiplier and not also using MSPMATHLIB library (libmath.a).  Recommend using MSPMATHLIB library (libmath.a) for improved performance.
 
>> Compilation failure
makefile:145: recipe for target 'Project02 cc.out' failed
 undefined   first referenced
  symbol         in file     
 ---------   ----------------
 Init_Clocks ./main.obj      
 
error #10234-D: unresolved symbols remain
error #10010: errors encountered during linking; "Project02 cc.out" not built
gmake[1]: *** [Project02 cc.out] Error 1
gmake: *** [all] Error 2
makefile:141: recipe for target 'all' failed

**** Build Finished ****
