
**** Build of configuration Debug for project Project03 cc ****

/Applications/ti/ccs1280/ccs/utils/bin/gmake -k -j 9 all -O 
 
Building file: "../clocks.c"
Invoking: MSP430 Compiler
"/Applications/ti/ccs1280/ccs/tools/compiler/ti-cgt-msp430_21.6.1.LTS/bin/cl430" -vmspx --use_hw_mpy=F5 --include_path="/Applications/ti/ccs1280/ccs/ccs_base/msp430/include" --include_path="/Users/kaylaradu/GitHubRepos/ECE306/Project10 copy/Project03 cc" --include_path="/Applications/ti/ccs1280/ccs/tools/compiler/ti-cgt-msp430_21.6.1.LTS/include" --advice:power=all --advice:hw_config=all --define=__MSP430FR2355__ --define=_FRWP_ENABLE --define=_INFO_FRWP_ENABLE -g --printf_support=minimal --diag_warning=225 --diag_wrap=off --display_error_number --silicon_errata=CPU21 --silicon_errata=CPU22 --silicon_errata=CPU40 --preproc_with_compile --preproc_dependency="clocks.d_raw"  "../clocks.c"
"../clocks.c", line 94: remark #1527-D: (ULP 2.1) Detected SW delay loop using __delay_cycles. Recommend using a timer module instead
"../clocks.c", line 95: remark #1527-D: (ULP 2.1) Detected SW delay loop using empty loop. Recommend using a timer module instead
"../clocks.c", line 128: remark #1527-D: (ULP 2.1) Detected SW delay loop using empty loop. Recommend using a timer module instead
"../wheels.h", line 26: warning #48-D: incompatible redefinition of macro "FORWARD" (declared at line 17 of "../ports.h")
"../wheels.h", line 27: warning #48-D: incompatible redefinition of macro "REVERSE" (declared at line 18 of "../ports.h")
"../wheels.h", line 50: warning #48-D: incompatible redefinition of macro "RIGHT" (declared at line 54 of "../macros.h")
"../wheels.h", line 51: warning #48-D: incompatible redefinition of macro "LEFT" (declared at line 53 of "../macros.h")
"../wheels.h", line 91: warning #48-D: incompatible redefinition of macro "FALSE" (declared at line 3 of "../ports.h")
"../wheels.h", line 94: warning #1-D: last line of file ends without a newline
"../switches.h", line 12: warning #48-D: incompatible redefinition of macro "DEBOUNCE_RESTART" (declared at line 79 of "../macros.h")
"../switches.h", line 13: warning #48-D: incompatible redefinition of macro "DEBOUNCE_TIME" (declared at line 78 of "../macros.h")
"../switches.h", line 16: warning #48-D: incompatible redefinition of macro "OFF" (declared at line 92 of "../wheels.h")
"../Timer_Interrupts.c", line 73: warning #1111-D: pragma vector can only be applied to a function definition, not "Timer0_B0_ISR" (declared at line 19 of "../functions.h")
"../Timer_Interrupts.c", line 76: warning #1111-D: pragma vector can only be applied to a function definition, not "TIMER0_B1_ISR" (declared at line 77)
"../Timer_Interrupts.c", line 40: remark #1535-D: (ULP 8.1) variable "running_timecount_flag" is used as a constant. Recommend declaring variable as either 'static const' or 'const'
"../Timer_Interrupts.c", line 45: remark #1535-D: (ULP 8.1) variable "DimFlag" is used as a constant. Recommend declaring variable as either 'static const' or 'const'
"../Timer_Interrupts.c", line 48: remark #1535-D: (ULP 8.1) variable "FlagSpinR" is used as a constant. Recommend declaring variable as either 'static const' or 'const'
"../Timer_Interrupts.c", line 51: remark #1535-D: (ULP 8.1) variable "FlagWait" is used as a constant. Recommend declaring variable as either 'static const' or 'const'
"../Timer_Interrupts.c", line 54: remark #1535-D: (ULP 8.1) variable "LostFlag" is used as a constant. Recommend declaring variable as either 'static const' or 'const'
"../Timer_Interrupts.c", line 57: remark #1535-D: (ULP 8.1) variable "CircleFlag" is used as a constant. Recommend declaring variable as either 'static const' or 'const'
"../wheels.h", line 26: warning #48-D: incompatible redefinition of macro "FORWARD" (declared at line 17 of "../ports.h")
"../wheels.h", line 27: warning #48-D: incompatible redefinition of macro "REVERSE" (declared at line 18 of "../ports.h")
"../wheels.h", line 50: warning #48-D: incompatible redefinition of macro "RIGHT" (declared at line 54 of "../macros.h")
"../wheels.h", line 51: warning #48-D: incompatible redefinition of macro "LEFT" (declared at line 53 of "../macros.h")
"../wheels.h", line 91: warning #48-D: incompatible redefinition of macro "FALSE" (declared at line 3 of "../ports.h")
"../wheels.h", line 94: warning #1-D: last line of file ends without a newline
"../switches.h", line 12: warning #48-D: incompatible redefinition of macro "DEBOUNCE_RESTART" (declared at line 79 of "../macros.h")
"../switches.h", line 13: warning #48-D: incompatible redefinition of macro "DEBOUNCE_TIME" (declared at line 78 of "../macros.h")
"../switches.h", line 16: warning #48-D: incompatible redefinition of macro "OFF" (declared at line 92 of "../wheels.h")
"../wheels.h", line 26: warning #48-D: incompatible redefinition of macro "FORWARD" (declared at line 17 of "../ports.h")
"../wheels.h", line 27: warning #48-D: incompatible redefinition of macro "REVERSE" (declared at line 18 of "../ports.h")
"../wheels.h", line 50: warning #48-D: incompatible redefinition of macro "RIGHT" (declared at line 54 of "../macros.h")
"../wheels.h", line 51: warning #48-D: incompatible redefinition of macro "LEFT" (declared at line 53 of "../macros.h")
"../wheels.h", line 91: warning #48-D: incompatible redefinition of macro "FALSE" (declared at line 3 of "../ports.h")
"../wheels.h", line 94: warning #1-D: last line of file ends without a newline
"../switches.h", line 12: warning #48-D: incompatible redefinition of macro "DEBOUNCE_RESTART" (declared at line 79 of "../macros.h")
"../switches.h", line 13: warning #48-D: incompatible redefinition of macro "DEBOUNCE_TIME" (declared at line 78 of "../macros.h")
"../switches.h", line 16: warning #48-D: incompatible redefinition of macro "OFF" (declared at line 92 of "../wheels.h")
"../wheels.h", line 26: warning #48-D: incompatible redefinition of macro "FORWARD" (declared at line 17 of "../ports.h")
"../wheels.h", line 27: warning #48-D: incompatible redefinition of macro "REVERSE" (declared at line 18 of "../ports.h")
"../wheels.h", line 50: warning #48-D: incompatible redefinition of macro "RIGHT" (declared at line 54 of "../macros.h")
"../wheels.h", line 51: warning #48-D: incompatible redefinition of macro "LEFT" (declared at line 53 of "../macros.h")
"../wheels.h", line 91: warning #48-D: incompatible redefinition of macro "FALSE" (declared at line 3 of "../ports.h")
"../wheels.h", line 94: warning #1-D: last line of file ends without a newline
"../switches.h", line 12: warning #48-D: incompatible redefinition of macro "DEBOUNCE_RESTART" (declared at line 79 of "../macros.h")
"../switches.h", line 13: warning #48-D: incompatible redefinition of macro "DEBOUNCE_TIME" (declared at line 78 of "../macros.h")
"../switches.h", line 16: warning #48-D: incompatible redefinition of macro "OFF" (declared at line 92 of "../wheels.h")
"../Display.c", line 91: remark #1544-D: (ULP 13.1) Detected loop counting up. Recommend loops count down as detecting zeros is easier
"../Display.c", line 92: remark #1545-D: (ULP 14.1) Array index of type "int". Recommend using "unsigned int"
"../Display.c", line 92: remark #2553-D: (ULP 14.1) Array index (involving "i") of type "int". Recommend using "unsigned int"
"../wheels.h", line 26: warning #48-D: incompatible redefinition of macro "FORWARD" (declared at line 17 of "../ports.h")
"../wheels.h", line 27: warning #48-D: incompatible redefinition of macro "REVERSE" (declared at line 18 of "../ports.h")
"../wheels.h", line 50: warning #48-D: incompatible redefinition of macro "RIGHT" (declared at line 54 of "../macros.h")
"../wheels.h", line 51: warning #48-D: incompatible redefinition of macro "LEFT" (declared at line 53 of "../macros.h")
"../wheels.h", line 91: warning #48-D: incompatible redefinition of macro "FALSE" (declared at line 3 of "../ports.h")
"../wheels.h", line 94: warning #1-D: last line of file ends without a newline
"../switches.h", line 12: warning #48-D: incompatible redefinition of macro "DEBOUNCE_RESTART" (declared at line 79 of "../macros.h")
"../switches.h", line 13: warning #48-D: incompatible redefinition of macro "DEBOUNCE_TIME" (declared at line 78 of "../macros.h")
"../switches.h", line 16: warning #48-D: incompatible redefinition of macro "OFF" (declared at line 92 of "../wheels.h")
"../DAC.c", line 32: remark #1535-D: (ULP 8.1) variable "DAC_data" is used as a constant. Recommend declaring variable as either 'static const' or 'const'
"../switches.h", line 12: warning #48-D: incompatible redefinition of macro "DEBOUNCE_RESTART" (declared at line 79 of "../macros.h")
"../switches.h", line 13: warning #48-D: incompatible redefinition of macro "DEBOUNCE_TIME" (declared at line 78 of "../macros.h")
"../wheels.h", line 26: warning #48-D: incompatible redefinition of macro "FORWARD" (declared at line 17 of "../ports.h")
"../wheels.h", line 27: warning #48-D: incompatible redefinition of macro "REVERSE" (declared at line 18 of "../ports.h")
"../wheels.h", line 50: warning #48-D: incompatible redefinition of macro "RIGHT" (declared at line 54 of "../macros.h")
"../wheels.h", line 51: warning #48-D: incompatible redefinition of macro "LEFT" (declared at line 53 of "../macros.h")
"../wheels.h", line 91: warning #48-D: incompatible redefinition of macro "FALSE" (declared at line 3 of "../ports.h")
"../wheels.h", line 92: warning #48-D: incompatible redefinition of macro "OFF" (declared at line 16 of "../switches.h")
"../wheels.h", line 94: warning #1-D: last line of file ends without a newline
"../Ports_Interrupts.c", line 63: remark #1538-D: (ULP 10.1) ISR switch1_interrupt calls function USCI_A0_transmit. Recommend moving function call away from ISR, or inlining the function, or using pragmas
"../Ports_Interrupts.c", line 30: remark #1535-D: (ULP 8.1) variable "t" is used as a constant. Recommend declaring variable as either 'static const' or 'const'
Finished building: "../clocks.c"
 
Building file: "../Timer_Interrupts.c"
Invoking: MSP430 Compiler
"/Applications/ti/ccs1280/ccs/tools/compiler/ti-cgt-msp430_21.6.1.LTS/bin/cl430" -vmspx --use_hw_mpy=F5 --include_path="/Applications/ti/ccs1280/ccs/ccs_base/msp430/include" --include_path="/Users/kaylaradu/GitHubRepos/ECE306/Project10 copy/Project03 cc" --include_path="/Applications/ti/ccs1280/ccs/tools/compiler/ti-cgt-msp430_21.6.1.LTS/include" --advice:power=all --advice:hw_config=all --define=__MSP430FR2355__ --define=_FRWP_ENABLE --define=_INFO_FRWP_ENABLE -g --printf_support=minimal --diag_warning=225 --diag_wrap=off --display_error_number --silicon_errata=CPU21 --silicon_errata=CPU22 --silicon_errata=CPU40 --preproc_with_compile --preproc_dependency="Timer_Interrupts.d_raw"  "../Timer_Interrupts.c"
Finished building: "../Timer_Interrupts.c"
 
Building file: "../Timers.c"
Invoking: MSP430 Compiler
"/Applications/ti/ccs1280/ccs/tools/compiler/ti-cgt-msp430_21.6.1.LTS/bin/cl430" -vmspx --use_hw_mpy=F5 --include_path="/Applications/ti/ccs1280/ccs/ccs_base/msp430/include" --include_path="/Users/kaylaradu/GitHubRepos/ECE306/Project10 copy/Project03 cc" --include_path="/Applications/ti/ccs1280/ccs/tools/compiler/ti-cgt-msp430_21.6.1.LTS/include" --advice:power=all --advice:hw_config=all --define=__MSP430FR2355__ --define=_FRWP_ENABLE --define=_INFO_FRWP_ENABLE -g --printf_support=minimal --diag_warning=225 --diag_wrap=off --display_error_number --silicon_errata=CPU21 --silicon_errata=CPU22 --silicon_errata=CPU40 --preproc_with_compile --preproc_dependency="Timers.d_raw"  "../Timers.c"
Finished building: "../Timers.c"
 
Building file: "../Switches.c"
Invoking: MSP430 Compiler
"/Applications/ti/ccs1280/ccs/tools/compiler/ti-cgt-msp430_21.6.1.LTS/bin/cl430" -vmspx --use_hw_mpy=F5 --include_path="/Applications/ti/ccs1280/ccs/ccs_base/msp430/include" --include_path="/Users/kaylaradu/GitHubRepos/ECE306/Project10 copy/Project03 cc" --include_path="/Applications/ti/ccs1280/ccs/tools/compiler/ti-cgt-msp430_21.6.1.LTS/include" --advice:power=all --advice:hw_config=all --define=__MSP430FR2355__ --define=_FRWP_ENABLE --define=_INFO_FRWP_ENABLE -g --printf_support=minimal --diag_warning=225 --diag_wrap=off --display_error_number --silicon_errata=CPU21 --silicon_errata=CPU22 --silicon_errata=CPU40 --preproc_with_compile --preproc_dependency="Switches.d_raw"  "../Switches.c"
Finished building: "../Switches.c"
 
Building file: "../adc_interrupts.c"
Invoking: MSP430 Compiler
"/Applications/ti/ccs1280/ccs/tools/compiler/ti-cgt-msp430_21.6.1.LTS/bin/cl430" -vmspx --use_hw_mpy=F5 --include_path="/Applications/ti/ccs1280/ccs/ccs_base/msp430/include" --include_path="/Users/kaylaradu/GitHubRepos/ECE306/Project10 copy/Project03 cc" --include_path="/Applications/ti/ccs1280/ccs/tools/compiler/ti-cgt-msp430_21.6.1.LTS/include" --advice:power=all --advice:hw_config=all --define=__MSP430FR2355__ --define=_FRWP_ENABLE --define=_INFO_FRWP_ENABLE -g --printf_support=minimal --diag_warning=225 --diag_wrap=off --display_error_number --silicon_errata=CPU21 --silicon_errata=CPU22 --silicon_errata=CPU40 --preproc_with_compile --preproc_dependency="adc_interrupts.d_raw"  "../adc_interrupts.c"
Finished building: "../adc_interrupts.c"
 
Building file: "../Display.c"
Invoking: MSP430 Compiler
"/Applications/ti/ccs1280/ccs/tools/compiler/ti-cgt-msp430_21.6.1.LTS/bin/cl430" -vmspx --use_hw_mpy=F5 --include_path="/Applications/ti/ccs1280/ccs/ccs_base/msp430/include" --include_path="/Users/kaylaradu/GitHubRepos/ECE306/Project10 copy/Project03 cc" --include_path="/Applications/ti/ccs1280/ccs/tools/compiler/ti-cgt-msp430_21.6.1.LTS/include" --advice:power=all --advice:hw_config=all --define=__MSP430FR2355__ --define=_FRWP_ENABLE --define=_INFO_FRWP_ENABLE -g --printf_support=minimal --diag_warning=225 --diag_wrap=off --display_error_number --silicon_errata=CPU21 --silicon_errata=CPU22 --silicon_errata=CPU40 --preproc_with_compile --preproc_dependency="Display.d_raw"  "../Display.c"
Finished building: "../Display.c"
 
Building file: "../DAC.c"
Invoking: MSP430 Compiler
"/Applications/ti/ccs1280/ccs/tools/compiler/ti-cgt-msp430_21.6.1.LTS/bin/cl430" -vmspx --use_hw_mpy=F5 --include_path="/Applications/ti/ccs1280/ccs/ccs_base/msp430/include" --include_path="/Users/kaylaradu/GitHubRepos/ECE306/Project10 copy/Project03 cc" --include_path="/Applications/ti/ccs1280/ccs/tools/compiler/ti-cgt-msp430_21.6.1.LTS/include" --advice:power=all --advice:hw_config=all --define=__MSP430FR2355__ --define=_FRWP_ENABLE --define=_INFO_FRWP_ENABLE -g --printf_support=minimal --diag_warning=225 --diag_wrap=off --display_error_number --silicon_errata=CPU21 --silicon_errata=CPU22 --silicon_errata=CPU40 --preproc_with_compile --preproc_dependency="DAC.d_raw"  "../DAC.c"
Finished building: "../DAC.c"
 
Building file: "../Ports_Interrupts.c"
Invoking: MSP430 Compiler
"/Applications/ti/ccs1280/ccs/tools/compiler/ti-cgt-msp430_21.6.1.LTS/bin/cl430" -vmspx --use_hw_mpy=F5 --include_path="/Applications/ti/ccs1280/ccs/ccs_base/msp430/include" --include_path="/Users/kaylaradu/GitHubRepos/ECE306/Project10 copy/Project03 cc" --include_path="/Applications/ti/ccs1280/ccs/tools/compiler/ti-cgt-msp430_21.6.1.LTS/include" --advice:power=all --advice:hw_config=all --define=__MSP430FR2355__ --define=_FRWP_ENABLE --define=_INFO_FRWP_ENABLE -g --printf_support=minimal --diag_warning=225 --diag_wrap=off --display_error_number --silicon_errata=CPU21 --silicon_errata=CPU22 --silicon_errata=CPU40 --preproc_with_compile --preproc_dependency="Ports_Interrupts.d_raw"  "../Ports_Interrupts.c"
Finished building: "../Ports_Interrupts.c"
 
Building file: "../ADC.c"
Invoking: MSP430 Compiler
"/Applications/ti/ccs1280/ccs/tools/compiler/ti-cgt-msp430_21.6.1.LTS/bin/cl430" -vmspx --use_hw_mpy=F5 --include_path="/Applications/ti/ccs1280/ccs/ccs_base/msp430/include" --include_path="/Users/kaylaradu/GitHubRepos/ECE306/Project10 copy/Project03 cc" --include_path="/Applications/ti/ccs1280/ccs/tools/compiler/ti-cgt-msp430_21.6.1.LTS/include" --advice:power=all --advice:hw_config=all --define=__MSP430FR2355__ --define=_FRWP_ENABLE --define=_INFO_FRWP_ENABLE -g --printf_support=minimal --diag_warning=225 --diag_wrap=off --display_error_number --silicon_errata=CPU21 --silicon_errata=CPU22 --silicon_errata=CPU40 --preproc_with_compile --preproc_dependency="ADC.d_raw"  "../ADC.c"
"../wheels.h", line 26: warning #48-D: incompatible redefinition of macro "FORWARD" (declared at line 17 of "../ports.h")
"../wheels.h", line 27: warning #48-D: incompatible redefinition of macro "REVERSE" (declared at line 18 of "../ports.h")
"../wheels.h", line 50: warning #48-D: incompatible redefinition of macro "RIGHT" (declared at line 54 of "../macros.h")
"../wheels.h", line 51: warning #48-D: incompatible redefinition of macro "LEFT" (declared at line 53 of "../macros.h")
"../wheels.h", line 91: warning #48-D: incompatible redefinition of macro "FALSE" (declared at line 3 of "../ports.h")
"../wheels.h", line 94: warning #1-D: last line of file ends without a newline
"../switches.h", line 12: warning #48-D: incompatible redefinition of macro "DEBOUNCE_RESTART" (declared at line 79 of "../macros.h")
"../switches.h", line 13: warning #48-D: incompatible redefinition of macro "DEBOUNCE_TIME" (declared at line 78 of "../macros.h")
"../switches.h", line 16: warning #48-D: incompatible redefinition of macro "OFF" (declared at line 92 of "../wheels.h")
"../ADC.c", line 71: remark #1544-D: (ULP 13.1) Detected loop counting up. Recommend loops count down as detecting zeros is easier
"../ADC.c", line 72: remark #2553-D: (ULP 14.1) Array index (involving "i") of type "int". Recommend using "unsigned int"
Finished building: "../ADC.c"
 
Building file: "../led.c"
Invoking: MSP430 Compiler
"/Applications/ti/ccs1280/ccs/tools/compiler/ti-cgt-msp430_21.6.1.LTS/bin/cl430" -vmspx --use_hw_mpy=F5 --include_path="/Applications/ti/ccs1280/ccs/ccs_base/msp430/include" --include_path="/Users/kaylaradu/GitHubRepos/ECE306/Project10 copy/Project03 cc" --include_path="/Applications/ti/ccs1280/ccs/tools/compiler/ti-cgt-msp430_21.6.1.LTS/include" --advice:power=all --advice:hw_config=all --define=__MSP430FR2355__ --define=_FRWP_ENABLE --define=_INFO_FRWP_ENABLE -g --printf_support=minimal --diag_warning=225 --diag_wrap=off --display_error_number --silicon_errata=CPU21 --silicon_errata=CPU22 --silicon_errata=CPU40 --preproc_with_compile --preproc_dependency="led.d_raw"  "../led.c"
"../wheels.h", line 26: warning #48-D: incompatible redefinition of macro "FORWARD" (declared at line 17 of "../ports.h")
"../wheels.h", line 27: warning #48-D: incompatible redefinition of macro "REVERSE" (declared at line 18 of "../ports.h")
"../wheels.h", line 50: warning #48-D: incompatible redefinition of macro "RIGHT" (declared at line 54 of "../macros.h")
"../wheels.h", line 51: warning #48-D: incompatible redefinition of macro "LEFT" (declared at line 53 of "../macros.h")
"../wheels.h", line 91: warning #48-D: incompatible redefinition of macro "FALSE" (declared at line 3 of "../ports.h")
"../wheels.h", line 94: warning #1-D: last line of file ends without a newline
"../switches.h", line 12: warning #48-D: incompatible redefinition of macro "DEBOUNCE_RESTART" (declared at line 79 of "../macros.h")
"../switches.h", line 13: warning #48-D: incompatible redefinition of macro "DEBOUNCE_TIME" (declared at line 78 of "../macros.h")
"../switches.h", line 16: warning #48-D: incompatible redefinition of macro "OFF" (declared at line 92 of "../wheels.h")
"../led.c", line 30: remark #1544-D: (ULP 13.1) Detected loop counting up. Recommend loops count down as detecting zeros is easier
"../led.c", line 31: remark #1545-D: (ULP 14.1) Array index of type "int". Recommend using "unsigned int"
"../led.c", line 31: remark #2553-D: (ULP 14.1) Array index (involving "i") of type "int". Recommend using "unsigned int"
"../wheels.h", line 26: warning #48-D: incompatible redefinition of macro "FORWARD" (declared at line 17 of "../ports.h")
"../wheels.h", line 27: warning #48-D: incompatible redefinition of macro "REVERSE" (declared at line 18 of "../ports.h")
"../wheels.h", line 50: warning #48-D: incompatible redefinition of macro "RIGHT" (declared at line 54 of "../macros.h")
"../wheels.h", line 51: warning #48-D: incompatible redefinition of macro "LEFT" (declared at line 53 of "../macros.h")
"../wheels.h", line 91: warning #48-D: incompatible redefinition of macro "FALSE" (declared at line 3 of "../ports.h")
"../wheels.h", line 94: warning #1-D: last line of file ends without a newline
"../switches.h", line 12: warning #48-D: incompatible redefinition of macro "DEBOUNCE_RESTART" (declared at line 79 of "../macros.h")
"../switches.h", line 13: warning #48-D: incompatible redefinition of macro "DEBOUNCE_TIME" (declared at line 78 of "../macros.h")
"../switches.h", line 16: warning #48-D: incompatible redefinition of macro "OFF" (declared at line 92 of "../wheels.h")
"../init.c", line 28: remark #1544-D: (ULP 13.1) Detected loop counting up. Recommend loops count down as detecting zeros is easier
"../init.c", line 29: remark #2553-D: (ULP 14.1) Array index (involving "i") of type "int". Recommend using "unsigned int"
"../init.c", line 30: remark #2553-D: (ULP 14.1) Array index (involving "i") of type "int". Recommend using "unsigned int"
"../init.c", line 31: remark #2553-D: (ULP 14.1) Array index (involving "i") of type "int". Recommend using "unsigned int"
"../init.c", line 32: remark #2553-D: (ULP 14.1) Array index (involving "i") of type "int". Recommend using "unsigned int"
Finished building: "../led.c"
 
Building file: "../init.c"
Invoking: MSP430 Compiler
"/Applications/ti/ccs1280/ccs/tools/compiler/ti-cgt-msp430_21.6.1.LTS/bin/cl430" -vmspx --use_hw_mpy=F5 --include_path="/Applications/ti/ccs1280/ccs/ccs_base/msp430/include" --include_path="/Users/kaylaradu/GitHubRepos/ECE306/Project10 copy/Project03 cc" --include_path="/Applications/ti/ccs1280/ccs/tools/compiler/ti-cgt-msp430_21.6.1.LTS/include" --advice:power=all --advice:hw_config=all --define=__MSP430FR2355__ --define=_FRWP_ENABLE --define=_INFO_FRWP_ENABLE -g --printf_support=minimal --diag_warning=225 --diag_wrap=off --display_error_number --silicon_errata=CPU21 --silicon_errata=CPU22 --silicon_errata=CPU40 --preproc_with_compile --preproc_dependency="init.d_raw"  "../init.c"
Finished building: "../init.c"
 
Building file: "../system.c"
Invoking: MSP430 Compiler
"/Applications/ti/ccs1280/ccs/tools/compiler/ti-cgt-msp430_21.6.1.LTS/bin/cl430" -vmspx --use_hw_mpy=F5 --include_path="/Applications/ti/ccs1280/ccs/ccs_base/msp430/include" --include_path="/Users/kaylaradu/GitHubRepos/ECE306/Project10 copy/Project03 cc" --include_path="/Applications/ti/ccs1280/ccs/tools/compiler/ti-cgt-msp430_21.6.1.LTS/include" --advice:power=all --advice:hw_config=all --define=__MSP430FR2355__ --define=_FRWP_ENABLE --define=_INFO_FRWP_ENABLE -g --printf_support=minimal --diag_warning=225 --diag_wrap=off --display_error_number --silicon_errata=CPU21 --silicon_errata=CPU22 --silicon_errata=CPU40 --preproc_with_compile --preproc_dependency="system.d_raw"  "../system.c"
"../wheels.h", line 26: warning #48-D: incompatible redefinition of macro "FORWARD" (declared at line 17 of "../ports.h")
"../wheels.h", line 27: warning #48-D: incompatible redefinition of macro "REVERSE" (declared at line 18 of "../ports.h")
"../wheels.h", line 50: warning #48-D: incompatible redefinition of macro "RIGHT" (declared at line 54 of "../macros.h")
"../wheels.h", line 51: warning #48-D: incompatible redefinition of macro "LEFT" (declared at line 53 of "../macros.h")
"../wheels.h", line 91: warning #48-D: incompatible redefinition of macro "FALSE" (declared at line 3 of "../ports.h")
"../wheels.h", line 94: warning #1-D: last line of file ends without a newline
"../switches.h", line 12: warning #48-D: incompatible redefinition of macro "DEBOUNCE_RESTART" (declared at line 79 of "../macros.h")
"../switches.h", line 13: warning #48-D: incompatible redefinition of macro "DEBOUNCE_TIME" (declared at line 78 of "../macros.h")
"../switches.h", line 16: warning #48-D: incompatible redefinition of macro "OFF" (declared at line 92 of "../wheels.h")
Finished building: "../system.c"
 
Building file: "../serial.c"
Invoking: MSP430 Compiler
"/Applications/ti/ccs1280/ccs/tools/compiler/ti-cgt-msp430_21.6.1.LTS/bin/cl430" -vmspx --use_hw_mpy=F5 --include_path="/Applications/ti/ccs1280/ccs/ccs_base/msp430/include" --include_path="/Users/kaylaradu/GitHubRepos/ECE306/Project10 copy/Project03 cc" --include_path="/Applications/ti/ccs1280/ccs/tools/compiler/ti-cgt-msp430_21.6.1.LTS/include" --advice:power=all --advice:hw_config=all --define=__MSP430FR2355__ --define=_FRWP_ENABLE --define=_INFO_FRWP_ENABLE -g --printf_support=minimal --diag_warning=225 --diag_wrap=off --display_error_number --silicon_errata=CPU21 --silicon_errata=CPU22 --silicon_errata=CPU40 --preproc_with_compile --preproc_dependency="serial.d_raw"  "../serial.c"
"../wheels.h", line 26: warning #48-D: incompatible redefinition of macro "FORWARD" (declared at line 17 of "../ports.h")
"../wheels.h", line 27: warning #48-D: incompatible redefinition of macro "REVERSE" (declared at line 18 of "../ports.h")
"../wheels.h", line 50: warning #48-D: incompatible redefinition of macro "RIGHT" (declared at line 54 of "../macros.h")
"../wheels.h", line 51: warning #48-D: incompatible redefinition of macro "LEFT" (declared at line 53 of "../macros.h")
"../wheels.h", line 91: warning #48-D: incompatible redefinition of macro "FALSE" (declared at line 3 of "../ports.h")
"../wheels.h", line 94: warning #1-D: last line of file ends without a newline
"../switches.h", line 12: warning #48-D: incompatible redefinition of macro "DEBOUNCE_RESTART" (declared at line 79 of "../macros.h")
"../switches.h", line 13: warning #48-D: incompatible redefinition of macro "DEBOUNCE_TIME" (declared at line 78 of "../macros.h")
"../switches.h", line 16: warning #48-D: incompatible redefinition of macro "OFF" (declared at line 92 of "../wheels.h")
"../serial.c", line 230: warning #179-D: variable "usb_value" was declared but never referenced
"../serial.c", line 263: warning #169-D: argument of type "volatile char *" is incompatible with parameter of type "char *__restrict__"
"../serial.c", line 263: warning #169-D: argument of type "char" is incompatible with parameter of type "const char *__restrict__"
"../serial.c", line 38: remark #1535-D: (ULP 8.1) variable "pb_index" is used as a constant. Recommend declaring variable as either 'static const' or 'const'
"../serial.c", line 39: remark #1535-D: (ULP 8.1) variable "transmit_done" is used as a constant. Recommend declaring variable as either 'static const' or 'const'
"../serial.c", line 52: remark #1535-D: (ULP 8.1) variable "group2_flag" is used as a constant. Recommend declaring variable as either 'static const' or 'const'
"../serial.c", line 53: remark #1535-D: (ULP 8.1) variable "ping" is used as a constant. Recommend declaring variable as either 'static const' or 'const'
"../serial.c", line 58: remark #1535-D: (ULP 8.1) variable "moore" is used as a constant. Recommend declaring variable as either 'static const' or 'const'
Finished building: "../serial.c"
 
Building file: "../ports.c"
Invoking: MSP430 Compiler
"/Applications/ti/ccs1280/ccs/tools/compiler/ti-cgt-msp430_21.6.1.LTS/bin/cl430" -vmspx --use_hw_mpy=F5 --include_path="/Applications/ti/ccs1280/ccs/ccs_base/msp430/include" --include_path="/Users/kaylaradu/GitHubRepos/ECE306/Project10 copy/Project03 cc" --include_path="/Applications/ti/ccs1280/ccs/tools/compiler/ti-cgt-msp430_21.6.1.LTS/include" --advice:power=all --advice:hw_config=all --define=__MSP430FR2355__ --define=_FRWP_ENABLE --define=_INFO_FRWP_ENABLE -g --printf_support=minimal --diag_warning=225 --diag_wrap=off --display_error_number --silicon_errata=CPU21 --silicon_errata=CPU22 --silicon_errata=CPU40 --preproc_with_compile --preproc_dependency="ports.d_raw"  "../ports.c"
"../wheels.h", line 26: warning #48-D: incompatible redefinition of macro "FORWARD" (declared at line 17 of "../ports.h")
"../wheels.h", line 27: warning #48-D: incompatible redefinition of macro "REVERSE" (declared at line 18 of "../ports.h")
"../wheels.h", line 50: warning #48-D: incompatible redefinition of macro "RIGHT" (declared at line 54 of "../macros.h")
"../wheels.h", line 51: warning #48-D: incompatible redefinition of macro "LEFT" (declared at line 53 of "../macros.h")
"../wheels.h", line 91: warning #48-D: incompatible redefinition of macro "FALSE" (declared at line 3 of "../ports.h")
"../wheels.h", line 94: warning #1-D: last line of file ends without a newline
"../switches.h", line 12: warning #48-D: incompatible redefinition of macro "DEBOUNCE_RESTART" (declared at line 79 of "../macros.h")
"../switches.h", line 13: warning #48-D: incompatible redefinition of macro "DEBOUNCE_TIME" (declared at line 78 of "../macros.h")
"../switches.h", line 16: warning #48-D: incompatible redefinition of macro "OFF" (declared at line 92 of "../wheels.h")
Finished building: "../ports.c"
 
Building file: "../wheels.c"
Invoking: MSP430 Compiler
"/Applications/ti/ccs1280/ccs/tools/compiler/ti-cgt-msp430_21.6.1.LTS/bin/cl430" -vmspx --use_hw_mpy=F5 --include_path="/Applications/ti/ccs1280/ccs/ccs_base/msp430/include" --include_path="/Users/kaylaradu/GitHubRepos/ECE306/Project10 copy/Project03 cc" --include_path="/Applications/ti/ccs1280/ccs/tools/compiler/ti-cgt-msp430_21.6.1.LTS/include" --advice:power=all --advice:hw_config=all --define=__MSP430FR2355__ --define=_FRWP_ENABLE --define=_INFO_FRWP_ENABLE -g --printf_support=minimal --diag_warning=225 --diag_wrap=off --display_error_number --silicon_errata=CPU21 --silicon_errata=CPU22 --silicon_errata=CPU40 --preproc_with_compile --preproc_dependency="wheels.d_raw"  "../wheels.c"
"../wheels.h", line 26: warning #48-D: incompatible redefinition of macro "FORWARD" (declared at line 17 of "../ports.h")
"../wheels.h", line 27: warning #48-D: incompatible redefinition of macro "REVERSE" (declared at line 18 of "../ports.h")
"../wheels.h", line 50: warning #48-D: incompatible redefinition of macro "RIGHT" (declared at line 54 of "../macros.h")
"../wheels.h", line 51: warning #48-D: incompatible redefinition of macro "LEFT" (declared at line 53 of "../macros.h")
"../wheels.h", line 91: warning #48-D: incompatible redefinition of macro "FALSE" (declared at line 3 of "../ports.h")
"../wheels.h", line 94: warning #1-D: last line of file ends without a newline
"../switches.h", line 12: warning #48-D: incompatible redefinition of macro "DEBOUNCE_RESTART" (declared at line 79 of "../macros.h")
"../switches.h", line 13: warning #48-D: incompatible redefinition of macro "DEBOUNCE_TIME" (declared at line 78 of "../macros.h")
"../switches.h", line 16: warning #48-D: incompatible redefinition of macro "OFF" (declared at line 92 of "../wheels.h")
"../wheels.c", line 181: warning #225-D: function "Off_Case" declared implicitly
"../wheels.c", line 215: warning #225-D: function "Off_Case" declared implicitly
"../wheels.c", line 232: warning #225-D: function "Off_Case" declared implicitly
"../wheels.c", line 241: warning #225-D: function "Off_Case" declared implicitly
"../wheels.c", line 450: warning #225-D: function "Off_Case" declared implicitly
"../wheels.c", line 464: warning #225-D: function "Off_Case" declared implicitly
"../wheels.c", line 475: warning #161-D: declaration is incompatible with previous "Off_Case" (declared at line 181)
Finished building: "../wheels.c"
 
Building file: "../main.c"
Invoking: MSP430 Compiler
"/Applications/ti/ccs1280/ccs/tools/compiler/ti-cgt-msp430_21.6.1.LTS/bin/cl430" -vmspx --use_hw_mpy=F5 --include_path="/Applications/ti/ccs1280/ccs/ccs_base/msp430/include" --include_path="/Users/kaylaradu/GitHubRepos/ECE306/Project10 copy/Project03 cc" --include_path="/Applications/ti/ccs1280/ccs/tools/compiler/ti-cgt-msp430_21.6.1.LTS/include" --advice:power=all --advice:hw_config=all --define=__MSP430FR2355__ --define=_FRWP_ENABLE --define=_INFO_FRWP_ENABLE -g --printf_support=minimal --diag_warning=225 --diag_wrap=off --display_error_number --silicon_errata=CPU21 --silicon_errata=CPU22 --silicon_errata=CPU40 --preproc_with_compile --preproc_dependency="main.d_raw"  "../main.c"
"../wheels.h", line 26: warning #48-D: incompatible redefinition of macro "FORWARD" (declared at line 17 of "../ports.h")
"../wheels.h", line 27: warning #48-D: incompatible redefinition of macro "REVERSE" (declared at line 18 of "../ports.h")
"../wheels.h", line 50: warning #48-D: incompatible redefinition of macro "RIGHT" (declared at line 54 of "../macros.h")
"../wheels.h", line 51: warning #48-D: incompatible redefinition of macro "LEFT" (declared at line 53 of "../macros.h")
"../wheels.h", line 91: warning #48-D: incompatible redefinition of macro "FALSE" (declared at line 3 of "../ports.h")
"../wheels.h", line 94: warning #1-D: last line of file ends without a newline
"../switches.h", line 12: warning #48-D: incompatible redefinition of macro "DEBOUNCE_RESTART" (declared at line 79 of "../macros.h")
"../switches.h", line 13: warning #48-D: incompatible redefinition of macro "DEBOUNCE_TIME" (declared at line 78 of "../macros.h")
"../switches.h", line 16: warning #48-D: incompatible redefinition of macro "OFF" (declared at line 92 of "../wheels.h")
"../main.c", line 128: warning #225-D: function "Init_Serial_UCA1" declared implicitly
"../main.c", line 129: warning #225-D: function "Init_DAC" declared implicitly
"../main.c", line 144: warning #225-D: function "Wheels_off" declared implicitly
"../main.c", line 166: warning #225-D: function "motor_failure" declared implicitly
"../main.c", line 172: warning #225-D: function "Clr_Display" declared implicitly
"../main.c", line 202: warning #169-D: argument of type "volatile char *" is incompatible with parameter of type "char *__restrict__"
"../main.c", line 202: warning #169-D: argument of type "volatile char *" is incompatible with parameter of type "const char *__restrict__"
"../main.c", line 220: warning #169-D: argument of type "volatile char *" is incompatible with parameter of type "char *__restrict__"
"../main.c", line 220: warning #169-D: argument of type "volatile char *" is incompatible with parameter of type "const char *__restrict__"
"../main.c", line 241: warning #169-D: argument of type "volatile char *" is incompatible with parameter of type "char *__restrict__"
"../main.c", line 241: warning #169-D: argument of type "volatile char *" is incompatible with parameter of type "const char *__restrict__"
"../main.c", line 262: warning #169-D: argument of type "volatile char *" is incompatible with parameter of type "char *__restrict__"
"../main.c", line 262: warning #169-D: argument of type "volatile char *" is incompatible with parameter of type "const char *__restrict__"
"../main.c", line 294: warning #169-D: argument of type "volatile char *" is incompatible with parameter of type "char *__restrict__"
"../main.c", line 294: warning #169-D: argument of type "volatile char *" is incompatible with parameter of type "const char *__restrict__"
"../main.c", line 321: warning #169-D: argument of type "volatile char *" is incompatible with parameter of type "char *__restrict__"
"../main.c", line 321: warning #169-D: argument of type "volatile char *" is incompatible with parameter of type "const char *__restrict__"
"../main.c", line 327: warning #169-D: argument of type "volatile char *" is incompatible with parameter of type "const char *__restrict__"
"../main.c", line 328: warning #169-D: argument of type "volatile char *" is incompatible with parameter of type "const char *__restrict__"
"../main.c", line 365: warning #225-D: function "pingpong" declared implicitly
"../main.c", line 519: warning #225-D: function "centeringdisplay" declared implicitly
"../main.c", line 539: warning #169-D: argument of type "volatile char *" is incompatible with parameter of type "const char *__restrict__"
"../main.c", line 541: warning #225-D: function "centeringdisplay" declared implicitly
"../main.c", line 552: warning #225-D: function "Wheels_backward" declared implicitly
"../main.c", line 553: warning #169-D: argument of type "volatile char *" is incompatible with parameter of type "const char *__restrict__"
"../main.c", line 566: warning #225-D: function "wheels_turn_right" declared implicitly
"../main.c", line 567: warning #169-D: argument of type "volatile char *" is incompatible with parameter of type "const char *__restrict__"
"../main.c", line 581: warning #225-D: function "wheels_turn_left" declared implicitly
"../main.c", line 582: warning #169-D: argument of type "volatile char *" is incompatible with parameter of type "const char *__restrict__"
"../main.c", line 601: warning #225-D: function "HexToBCD" declared implicitly
"../main.c", line 602: warning #225-D: function "adc_line" declared implicitly
"../main.c", line 609: warning #225-D: function "blacklinemachine" declared implicitly
"../main.c", line 617: warning #225-D: function "Display_complete" declared implicitly
"../main.c", line 635: warning #225-D: function "exit_state" declared implicitly
"../main.c", line 207: remark #2553-D: (ULP 14.1) Array index (involving "increment") of type "int". Recommend using "unsigned int"
"../main.c", line 208: remark #2553-D: (ULP 14.1) Array index (involving "increment") of type "int". Recommend using "unsigned int"
"../main.c", line 407: remark #1544-D: (ULP 13.1) Detected loop counting up. Recommend loops count down as detecting zeros is easier
"../main.c", line 408: remark #2553-D: (ULP 14.1) Array index (involving "increment") of type "int". Recommend using "unsigned int"
"../main.c", line 422: remark #1544-D: (ULP 13.1) Detected loop counting up. Recommend loops count down as detecting zeros is easier
"../main.c", line 423: remark #2553-D: (ULP 14.1) Array index (involving "increment") of type "int". Recommend using "unsigned int"
"../main.c", line 433: remark #1544-D: (ULP 13.1) Detected loop counting up. Recommend loops count down as detecting zeros is easier
"../main.c", line 434: remark #2553-D: (ULP 14.1) Array index (involving "increment") of type "int". Recommend using "unsigned int"
"../main.c", line 444: remark #1544-D: (ULP 13.1) Detected loop counting up. Recommend loops count down as detecting zeros is easier
"../main.c", line 445: remark #2553-D: (ULP 14.1) Array index (involving "increment") of type "int". Recommend using "unsigned int"
"../main.c", line 456: remark #1544-D: (ULP 13.1) Detected loop counting up. Recommend loops count down as detecting zeros is easier
"../main.c", line 457: remark #2553-D: (ULP 14.1) Array index (involving "increment") of type "int". Recommend using "unsigned int"
"../main.c", line 468: remark #1544-D: (ULP 13.1) Detected loop counting up. Recommend loops count down as detecting zeros is easier
"../main.c", line 469: remark #2553-D: (ULP 14.1) Array index (involving "increment") of type "int". Recommend using "unsigned int"
"../main.c", line 481: remark #1544-D: (ULP 13.1) Detected loop counting up. Recommend loops count down as detecting zeros is easier
"../main.c", line 482: remark #2553-D: (ULP 14.1) Array index (involving "increment") of type "int". Recommend using "unsigned int"
"../main.c", line 492: remark #1544-D: (ULP 13.1) Detected loop counting up. Recommend loops count down as detecting zeros is easier
"../main.c", line 493: remark #2553-D: (ULP 14.1) Array index (involving "increment") of type "int". Recommend using "unsigned int"
"../main.c", line 207: remark #2553-D: (ULP 14.1) Array index (involving "increment") of type "int". Recommend using "unsigned int"
"../main.c", line 208: remark #2553-D: (ULP 14.1) Array index (involving "increment") of type "int". Recommend using "unsigned int"
"../main.c", line 407: remark #1544-D: (ULP 13.1) Detected loop counting up. Recommend loops count down as detecting zeros is easier
"../main.c", line 408: remark #2553-D: (ULP 14.1) Array index (involving "increment") of type "int". Recommend using "unsigned int"
"../main.c", line 422: remark #1544-D: (ULP 13.1) Detected loop counting up. Recommend loops count down as detecting zeros is easier
"../main.c", line 423: remark #2553-D: (ULP 14.1) Array index (involving "increment") of type "int". Recommend using "unsigned int"
"../main.c", line 433: remark #1544-D: (ULP 13.1) Detected loop counting up. Recommend loops count down as detecting zeros is easier
"../main.c", line 434: remark #2553-D: (ULP 14.1) Array index (involving "increment") of type "int". Recommend using "unsigned int"
"../main.c", line 444: remark #1544-D: (ULP 13.1) Detected loop counting up. Recommend loops count down as detecting zeros is easier
"../main.c", line 445: remark #2553-D: (ULP 14.1) Array index (involving "increment") of type "int". Recommend using "unsigned int"
"../main.c", line 456: remark #1544-D: (ULP 13.1) Detected loop counting up. Recommend loops count down as detecting zeros is easier
"../main.c", line 457: remark #2553-D: (ULP 14.1) Array index (involving "increment") of type "int". Recommend using "unsigned int"
"../main.c", line 468: remark #1544-D: (ULP 13.1) Detected loop counting up. Recommend loops count down as detecting zeros is easier
"../main.c", line 469: remark #2553-D: (ULP 14.1) Array index (involving "increment") of type "int". Recommend using "unsigned int"
"../main.c", line 481: remark #1544-D: (ULP 13.1) Detected loop counting up. Recommend loops count down as detecting zeros is easier
"../main.c", line 482: remark #2553-D: (ULP 14.1) Array index (involving "increment") of type "int". Recommend using "unsigned int"
"../main.c", line 492: remark #1544-D: (ULP 13.1) Detected loop counting up. Recommend loops count down as detecting zeros is easier
"../main.c", line 493: remark #2553-D: (ULP 14.1) Array index (involving "increment") of type "int". Recommend using "unsigned int"
"../main.c", line 207: remark #2553-D: (ULP 14.1) Array index (involving "increment") of type "int". Recommend using "unsigned int"
"../main.c", line 208: remark #2553-D: (ULP 14.1) Array index (involving "increment") of type "int". Recommend using "unsigned int"
"../main.c", line 407: remark #1544-D: (ULP 13.1) Detected loop counting up. Recommend loops count down as detecting zeros is easier
"../main.c", line 408: remark #2553-D: (ULP 14.1) Array index (involving "increment") of type "int". Recommend using "unsigned int"
"../main.c", line 422: remark #1544-D: (ULP 13.1) Detected loop counting up. Recommend loops count down as detecting zeros is easier
"../main.c", line 423: remark #2553-D: (ULP 14.1) Array index (involving "increment") of type "int". Recommend using "unsigned int"
"../main.c", line 433: remark #1544-D: (ULP 13.1) Detected loop counting up. Recommend loops count down as detecting zeros is easier
"../main.c", line 434: remark #2553-D: (ULP 14.1) Array index (involving "increment") of type "int". Recommend using "unsigned int"
"../main.c", line 444: remark #1544-D: (ULP 13.1) Detected loop counting up. Recommend loops count down as detecting zeros is easier
"../main.c", line 445: remark #2553-D: (ULP 14.1) Array index (involving "increment") of type "int". Recommend using "unsigned int"
"../main.c", line 456: remark #1544-D: (ULP 13.1) Detected loop counting up. Recommend loops count down as detecting zeros is easier
"../main.c", line 457: remark #2553-D: (ULP 14.1) Array index (involving "increment") of type "int". Recommend using "unsigned int"
"../main.c", line 468: remark #1544-D: (ULP 13.1) Detected loop counting up. Recommend loops count down as detecting zeros is easier
"../main.c", line 469: remark #2553-D: (ULP 14.1) Array index (involving "increment") of type "int". Recommend using "unsigned int"
"../main.c", line 481: remark #1544-D: (ULP 13.1) Detected loop counting up. Recommend loops count down as detecting zeros is easier
"../main.c", line 482: remark #2553-D: (ULP 14.1) Array index (involving "increment") of type "int". Recommend using "unsigned int"
"../main.c", line 492: remark #1544-D: (ULP 13.1) Detected loop counting up. Recommend loops count down as detecting zeros is easier
"../main.c", line 493: remark #2553-D: (ULP 14.1) Array index (involving "increment") of type "int". Recommend using "unsigned int"
"../main.c", line 664: warning #161-D: declaration is incompatible with previous "centeringdisplay" (declared at line 519)
"../main.c", line 692: remark #1530-D: (ULP 5.1) Detected divide operation(s). Recommend moving them to RAM during run time or not using as these are processing/power intensive
"../main.c", line 695: remark #1544-D: (ULP 13.1) Detected loop counting up. Recommend loops count down as detecting zeros is easier
"../main.c", line 696: remark #2553-D: (ULP 14.1) Array index (involving "i") of type "int". Recommend using "unsigned int"
"../main.c", line 696: remark #2553-D: (ULP 14.1) Array index (involving "lineloc") of type "int". Recommend using "unsigned int"
"../main.c", line 699: remark #1544-D: (ULP 13.1) Detected loop counting up. Recommend loops count down as detecting zeros is easier
"../main.c", line 700: remark #1545-D: (ULP 14.1) Array index of type "int". Recommend using "unsigned int"
"../main.c", line 700: remark #2553-D: (ULP 14.1) Array index (involving "lineloc") of type "int". Recommend using "unsigned int"
"../main.c", line 700: remark #2553-D: (ULP 14.1) Array index (involving "i") of type "int". Recommend using "unsigned int"
"../main.c", line 702: remark #2553-D: (ULP 14.1) Array index (involving "lineloc") of type "int". Recommend using "unsigned int"
"../main.c", line 706: remark #2553-D: (ULP 14.1) Array index (involving "lineloc") of type "int". Recommend using "unsigned int"
"../main.c", line 695: remark #1544-D: (ULP 13.1) Detected loop counting up. Recommend loops count down as detecting zeros is easier
"../main.c", line 696: remark #2553-D: (ULP 14.1) Array index (involving "i") of type "int". Recommend using "unsigned int"
"../main.c", line 696: remark #2553-D: (ULP 14.1) Array index (involving "lineloc") of type "int". Recommend using "unsigned int"
"../main.c", line 699: remark #1544-D: (ULP 13.1) Detected loop counting up. Recommend loops count down as detecting zeros is easier
"../main.c", line 700: remark #1545-D: (ULP 14.1) Array index of type "int". Recommend using "unsigned int"
"../main.c", line 700: remark #2553-D: (ULP 14.1) Array index (involving "lineloc") of type "int". Recommend using "unsigned int"
"../main.c", line 700: remark #2553-D: (ULP 14.1) Array index (involving "i") of type "int". Recommend using "unsigned int"
"../main.c", line 702: remark #2553-D: (ULP 14.1) Array index (involving "lineloc") of type "int". Recommend using "unsigned int"
"../main.c", line 711: warning #161-D: declaration is incompatible with previous "blacklinemachine" (declared at line 609)
"../main.c", line 715: warning #225-D: function "Off_Case" declared implicitly
"../main.c", line 719: warning #225-D: function "straightline" declared implicitly
"../main.c", line 722: warning #225-D: function "straightwait" declared implicitly
"../main.c", line 725: warning #225-D: function "semicirclert" declared implicitly
"../main.c", line 728: warning #225-D: function "start_movement" declared implicitly
"../main.c", line 731: warning #225-D: function "detect_movement" declared implicitly
"../main.c", line 734: warning #225-D: function "spinning_movement" declared implicitly
"../main.c", line 737: warning #225-D: function "track_wait" declared implicitly
"../main.c", line 740: warning #225-D: function "tracking_movement" declared implicitly
"../main.c", line 743: warning #225-D: function "straightsecond" declared implicitly
"../main.c", line 746: warning #225-D: function "end_state" declared implicitly
"../main.c", line 758: warning #161-D: declaration is incompatible with previous "exit_state" (declared at line 635)
"../main.c", line 761: warning #225-D: function "rightexit" declared implicitly
"../main.c", line 764: warning #225-D: function "leftexit" declared implicitly
"../main.c", line 767: warning #225-D: function "waits" declared implicitly
"../main.c", line 770: warning #225-D: function "straight_exit" declared implicitly
"../main.c", line 43: remark #1535-D: (ULP 8.1) variable "wheel_move" is used as a constant. Recommend declaring variable as either 'static const' or 'const'
"../main.c", line 49: remark #1535-D: (ULP 8.1) variable "forward" is used as a constant. Recommend declaring variable as either 'static const' or 'const'
Finished building: "../main.c"
 
Building target: "Project03 cc.out"
Invoking: MSP430 Linker
"/Applications/ti/ccs1280/ccs/tools/compiler/ti-cgt-msp430_21.6.1.LTS/bin/cl430" -vmspx --use_hw_mpy=F5 --advice:power=all --advice:hw_config=all --define=__MSP430FR2355__ --define=_FRWP_ENABLE --define=_INFO_FRWP_ENABLE -g --printf_support=minimal --diag_warning=225 --diag_wrap=off --display_error_number --silicon_errata=CPU21 --silicon_errata=CPU22 --silicon_errata=CPU40 -z -m"Project03 cc.map" --heap_size=160 --stack_size=160 --cinit_hold_wdt=on -i"/Applications/ti/ccs1280/ccs/ccs_base/msp430/include" -i"/Applications/ti/ccs1280/ccs/ccs_base/msp430/lib/FR2xx" -i"/Applications/ti/ccs1280/ccs/tools/compiler/ti-cgt-msp430_21.6.1.LTS/lib" -i"/Applications/ti/ccs1280/ccs/tools/compiler/ti-cgt-msp430_21.6.1.LTS/include" --priority --reread_libs --define=_FRWP_ENABLE --define=_INFO_FRWP_ENABLE --diag_wrap=off --display_error_number --warn_sections --xml_link_info="Project03 cc_linkInfo.xml" --use_hw_mpy=F5 --rom_model -o "Project03 cc.out" "./ADC.obj" "./DAC.obj" "./Display.obj" "./Ports_Interrupts.obj" "./Switches.obj" "./Timer_Interrupts.obj" "./Timers.obj" "./adc_interrupts.obj" "./clocks.obj" "./init.obj" "./led.obj" "./main.obj" "./ports.obj" "./serial.obj" "./system.obj" "./wheels.obj" "../Compiled/LCD.obj" "../lnk_msp430fr2355.cmd"  -lfrwp_init.a -llibc.a 
<Linking>
remark #10372-D: (ULP 4.1) Detected uninitialized Port 5 in this project. Recommend initializing all unused ports to eliminate wasted current consumption on unused pins.
remark #10372-D: (ULP 4.1) Detected uninitialized Port A in this project. Recommend initializing all unused ports to eliminate wasted current consumption on unused pins.
remark #10372-D: (ULP 4.1) Detected uninitialized Port B in this project. Recommend initializing all unused ports to eliminate wasted current consumption on unused pins.
remark #10372-D: (ULP 4.1) Detected uninitialized Port C in this project. Recommend initializing all unused ports to eliminate wasted current consumption on unused pins.
remark #10422-D: (ULP 6.2) Detected use of a device with available 32-bit hardware multiplier and not also using MSPMATHLIB library (libmath.a).  Recommend using MSPMATHLIB library (libmath.a) for improved performance.
Finished building target: "Project03 cc.out"
 

**** Build Finished ****
