
**** Build of configuration Debug for project Project03 cc ****

/Applications/ti/ccs1280/ccs/utils/bin/gmake -k -j 9 all -O 
 
Building file: "../main.c"
Invoking: MSP430 Compiler
"/Applications/ti/ccs1280/ccs/tools/compiler/ti-cgt-msp430_21.6.1.LTS/bin/cl430" -vmspx --use_hw_mpy=F5 --include_path="/Applications/ti/ccs1280/ccs/ccs_base/msp430/include" --include_path="/Users/kaylaradu/GitHubRepos/ECE306/Project07Copy/Project03 cc" --include_path="/Applications/ti/ccs1280/ccs/tools/compiler/ti-cgt-msp430_21.6.1.LTS/include" --advice:power=all --advice:hw_config=all --define=__MSP430FR2355__ --define=_FRWP_ENABLE --define=_INFO_FRWP_ENABLE -g --printf_support=minimal --diag_warning=225 --diag_wrap=off --display_error_number --silicon_errata=CPU21 --silicon_errata=CPU22 --silicon_errata=CPU40 --preproc_with_compile --preproc_dependency="main.d_raw"  "../main.c"
"../macros.h", line 50: warning #48-D: incompatible redefinition of macro "WHEEL_OFF" (declared at line 10 of "../ports.h")
"../switches.h", line 14: warning #48-D: incompatible redefinition of macro "NOT_OKAY" (declared at line 37 of "../macros.h")
"../switches.h", line 15: warning #48-D: incompatible redefinition of macro "OKAY" (declared at line 38 of "../macros.h")
"../wheels.h", line 20: warning #48-D: incompatible redefinition of macro "FORWARD" (declared at line 17 of "../ports.h")
"../wheels.h", line 21: warning #48-D: incompatible redefinition of macro "REVERSE" (declared at line 18 of "../ports.h")
"../wheels.h", line 24: warning #48-D: incompatible redefinition of macro "FALSE" (declared at line 3 of "../ports.h")
"../wheels.h", line 25: warning #48-D: incompatible redefinition of macro "OFF" (declared at line 16 of "../switches.h")
"../main.c", line 103: warning #225-D: function "Init_ADC" declared implicitly
"../main.c", line 104: warning #225-D: function "Init_Serial_UCA0" declared implicitly
"../main.c", line 116: warning #225-D: function "USCI_A0_transmit" declared implicitly
"../main.c", line 178: warning #169-D: argument of type "char" is incompatible with parameter of type "const char *__restrict__"
"../main.c", line 186: warning #169-D: argument of type "volatile char *" is incompatible with parameter of type "const char *__restrict__"
"../main.c", line 202: warning #225-D: function "Debounce_State" declared implicitly
"../main.c", line 176: remark #1544-D: (ULP 13.1) Detected loop counting up. Recommend loops count down as detecting zeros is easier
"../main.c", line 177: remark #2553-D: (ULP 14.1) Array index (involving "i") of type "int". Recommend using "unsigned int"
"../main.c", line 177: remark #2553-D: (ULP 14.1) Array index (involving "i") of type "int". Recommend using "unsigned int"
"../main.c", line 178: remark #2553-D: (ULP 14.1) Array index (involving "i") of type "int". Recommend using "unsigned int"
"../main.c", line 194: remark #2553-D: (ULP 14.1) Array index (involving "ride") of type "int". Recommend using "unsigned int"
"../main.c", line 195: remark #2553-D: (ULP 14.1) Array index (involving "ride") of type "int". Recommend using "unsigned int"
"../main.c", line 176: remark #1544-D: (ULP 13.1) Detected loop counting up. Recommend loops count down as detecting zeros is easier
"../main.c", line 177: remark #2553-D: (ULP 14.1) Array index (involving "i") of type "int". Recommend using "unsigned int"
"../main.c", line 177: remark #2553-D: (ULP 14.1) Array index (involving "i") of type "int". Recommend using "unsigned int"
"../main.c", line 178: remark #2553-D: (ULP 14.1) Array index (involving "i") of type "int". Recommend using "unsigned int"
"../main.c", line 194: remark #2553-D: (ULP 14.1) Array index (involving "ride") of type "int". Recommend using "unsigned int"
"../main.c", line 195: remark #2553-D: (ULP 14.1) Array index (involving "ride") of type "int". Recommend using "unsigned int"
"../main.c", line 176: remark #1544-D: (ULP 13.1) Detected loop counting up. Recommend loops count down as detecting zeros is easier
"../main.c", line 177: remark #2553-D: (ULP 14.1) Array index (involving "i") of type "int". Recommend using "unsigned int"
"../main.c", line 177: remark #2553-D: (ULP 14.1) Array index (involving "i") of type "int". Recommend using "unsigned int"
"../main.c", line 178: remark #2553-D: (ULP 14.1) Array index (involving "i") of type "int". Recommend using "unsigned int"
"../main.c", line 194: remark #2553-D: (ULP 14.1) Array index (involving "ride") of type "int". Recommend using "unsigned int"
"../main.c", line 195: remark #2553-D: (ULP 14.1) Array index (involving "ride") of type "int". Recommend using "unsigned int"
"../main.c", line 194: remark #2553-D: (ULP 14.1) Array index (involving "ride") of type "int". Recommend using "unsigned int"
"../main.c", line 195: remark #2553-D: (ULP 14.1) Array index (involving "ride") of type "int". Recommend using "unsigned int"
"../main.c", line 224: warning #225-D: function "detect_movement" declared implicitly
"../main.c", line 227: warning #225-D: function "start_movement" declared implicitly
"../main.c", line 230: warning #225-D: function "spinning_movement" declared implicitly
"../main.c", line 233: warning #225-D: function "tracking_movement" declared implicitly
"../main.c", line 236: warning #225-D: function "end_state" declared implicitly
"../main.c", line 49: remark #1535-D: (ULP 8.1) variable "wheel_move" is used as a constant. Recommend declaring variable as either 'static const' or 'const'
"../main.c", line 50: remark #1535-D: (ULP 8.1) variable "forward" is used as a constant. Recommend declaring variable as either 'static const' or 'const'
"../main.c", line 72: remark #1535-D: (ULP 8.1) variable "clear_display" is used as a constant. Recommend declaring variable as either 'static const' or 'const'
Finished building: "../main.c"
 
Building target: "Project03 cc.out"
Invoking: MSP430 Linker
"/Applications/ti/ccs1280/ccs/tools/compiler/ti-cgt-msp430_21.6.1.LTS/bin/cl430" -vmspx --use_hw_mpy=F5 --advice:power=all --advice:hw_config=all --define=__MSP430FR2355__ --define=_FRWP_ENABLE --define=_INFO_FRWP_ENABLE -g --printf_support=minimal --diag_warning=225 --diag_wrap=off --display_error_number --silicon_errata=CPU21 --silicon_errata=CPU22 --silicon_errata=CPU40 -z -m"Project03 cc.map" --heap_size=160 --stack_size=160 --cinit_hold_wdt=on -i"/Applications/ti/ccs1280/ccs/ccs_base/msp430/include" -i"/Applications/ti/ccs1280/ccs/ccs_base/msp430/lib/FR2xx" -i"/Applications/ti/ccs1280/ccs/tools/compiler/ti-cgt-msp430_21.6.1.LTS/lib" -i"/Applications/ti/ccs1280/ccs/tools/compiler/ti-cgt-msp430_21.6.1.LTS/include" --priority --reread_libs --define=_FRWP_ENABLE --define=_INFO_FRWP_ENABLE --diag_wrap=off --display_error_number --warn_sections --xml_link_info="Project03 cc_linkInfo.xml" --use_hw_mpy=F5 --rom_model -o "Project03 cc.out" "./ADC.obj" "./Display.obj" "./Interrupt_ADC.obj" "./Interrupt_Ports.obj" "./Interrupt_Timer.obj" "./clocks.obj" "./init.obj" "./led.obj" "./main.obj" "./ports.obj" "./serial.obj" "./switches.obj" "./system.obj" "./timersB0.obj" "./wheels.obj" "../Compiled/LCD.obj" "../lnk_msp430fr2355.cmd"  -lfrwp_init.a -llibc.a 
<Linking>
remark #10372-D: (ULP 4.1) Detected uninitialized Port A in this project. Recommend initializing all unused ports to eliminate wasted current consumption on unused pins.
remark #10372-D: (ULP 4.1) Detected uninitialized Port B in this project. Recommend initializing all unused ports to eliminate wasted current consumption on unused pins.
remark #10372-D: (ULP 4.1) Detected uninitialized Port C in this project. Recommend initializing all unused ports to eliminate wasted current consumption on unused pins.
remark #10422-D: (ULP 6.2) Detected use of a device with available 32-bit hardware multiplier and not also using MSPMATHLIB library (libmath.a).  Recommend using MSPMATHLIB library (libmath.a) for improved performance.
Finished building target: "Project03 cc.out"
 

**** Build Finished ****
