
**** Build of configuration Debug for project Project03 cc ****

/Applications/ti/ccs1280/ccs/utils/bin/gmake -k -j 9 all -O 
 
Building file: "../main.c"
Invoking: MSP430 Compiler
"/Applications/ti/ccs1280/ccs/tools/compiler/ti-cgt-msp430_21.6.1.LTS/bin/cl430" -vmspx --use_hw_mpy=F5 --include_path="/Applications/ti/ccs1280/ccs/ccs_base/msp430/include" --include_path="/Users/kaylaradu/GitHubRepos/ECE306/Project07Copy/Project03 cc" --include_path="/Applications/ti/ccs1280/ccs/tools/compiler/ti-cgt-msp430_21.6.1.LTS/include" --advice:power=all --advice:hw_config=all --define=__MSP430FR2355__ --define=_FRWP_ENABLE --define=_INFO_FRWP_ENABLE -g --printf_support=minimal --diag_warning=225 --diag_wrap=off --display_error_number --silicon_errata=CPU21 --silicon_errata=CPU22 --silicon_errata=CPU40 --preproc_with_compile --preproc_dependency="main.d_raw"  "../main.c"
 
>> Compilation failure
subdir_rules.mk:7: recipe for target 'main.obj' failed
"../macros.h", line 50: warning #48-D: incompatible redefinition of macro "WHEEL_OFF" (declared at line 10 of "../ports.h")
"../switches.h", line 14: warning #48-D: incompatible redefinition of macro "NOT_OKAY" (declared at line 37 of "../macros.h")
"../switches.h", line 15: warning #48-D: incompatible redefinition of macro "OKAY" (declared at line 38 of "../macros.h")
"../wheels.h", line 20: warning #48-D: incompatible redefinition of macro "FORWARD" (declared at line 17 of "../ports.h")
"../wheels.h", line 21: warning #48-D: incompatible redefinition of macro "REVERSE" (declared at line 18 of "../ports.h")
"../wheels.h", line 24: warning #48-D: incompatible redefinition of macro "FALSE" (declared at line 3 of "../ports.h")
"../wheels.h", line 25: warning #48-D: incompatible redefinition of macro "OFF" (declared at line 16 of "../switches.h")
"../main.c", line 103: warning #225-D: function "Init_ADC" declared implicitly
"../main.c", line 104: warning #225-D: function "Init_Serial_UCA0" declared implicitly
"../main.c", line 116: warning #225-D: function "USCI_A0_transmit" declared implicitly
"../main.c", line 204: error #29: expected an expression
"../main.c", line 157: warning #548-D: transfer of control bypasses initialization of:
            variable "y" (declared at line 199)
            variable "z" (declared at line 200)
"../main.c", line 240: warning #225-D: function "Debounce_State" declared implicitly
"../main.c", line 229: remark #2553-D: (ULP 14.1) Array index (involving "ride") of type "int". Recommend using "unsigned int"
"../main.c", line 230: remark #2553-D: (ULP 14.1) Array index (involving "ride") of type "int". Recommend using "unsigned int"
"../main.c", line 229: remark #2553-D: (ULP 14.1) Array index (involving "ride") of type "int". Recommend using "unsigned int"
"../main.c", line 230: remark #2553-D: (ULP 14.1) Array index (involving "ride") of type "int". Recommend using "unsigned int"
"../main.c", line 229: remark #2553-D: (ULP 14.1) Array index (involving "ride") of type "int". Recommend using "unsigned int"
"../main.c", line 230: remark #2553-D: (ULP 14.1) Array index (involving "ride") of type "int". Recommend using "unsigned int"
"../main.c", line 229: remark #2553-D: (ULP 14.1) Array index (involving "ride") of type "int". Recommend using "unsigned int"
"../main.c", line 230: remark #2553-D: (ULP 14.1) Array index (involving "ride") of type "int". Recommend using "unsigned int"
"../main.c", line 262: warning #225-D: function "detect_movement" declared implicitly
"../main.c", line 265: warning #225-D: function "start_movement" declared implicitly
"../main.c", line 268: warning #225-D: function "spinning_movement" declared implicitly
"../main.c", line 271: warning #225-D: function "tracking_movement" declared implicitly
"../main.c", line 274: warning #225-D: function "end_state" declared implicitly
"../main.c", line 49: remark #1535-D: (ULP 8.1) variable "wheel_move" is used as a constant. Recommend declaring variable as either 'static const' or 'const'
"../main.c", line 50: remark #1535-D: (ULP 8.1) variable "forward" is used as a constant. Recommend declaring variable as either 'static const' or 'const'
"../main.c", line 72: remark #1535-D: (ULP 8.1) variable "clear_display" is used as a constant. Recommend declaring variable as either 'static const' or 'const'
1 error detected in the compilation of "../main.c".
gmake: *** [main.obj] Error 1
gmake: Target 'all' not remade because of errors.

**** Build Finished ****
